<?xml version="1.0" encoding="UTF-8"?>
<!-- Generated by org.testng.reporters.JUnitXMLReporter -->
<testsuite hostname="LAPTOP-103K5F0S" ignored="5" name="Default test" tests="1" failures="0" timestamp="16 Jun 2022 07:32:26 GMT" time="47.483" errors="0">
  <testcase name="TC13advancestocksearch" time="43.75" classname="Scripts.Homepage"/>
  <testcase name="TC6AccessCustomerspage" time="0.0" classname="Scripts.Homepage">
    <ignored/>
  </testcase> <!-- TC6AccessCustomerspage -->
  <testcase name="TC5Accessstockitem" time="0.0" classname="Scripts.Homepage">
    <ignored/>
  </testcase> <!-- TC5Accessstockitem -->
  <testcase name="TC9Creatingstockitem" time="0.0" classname="Scripts.Homepage">
    <ignored/>
  </testcase> <!-- TC9Creatingstockitem -->
  <testcase name="TC12searchstockitem" time="0.0" classname="Scripts.Homepage">
    <ignored/>
  </testcase> <!-- TC12searchstockitem -->
  <testcase name="TC10creatingstockcategory" time="0.0" classname="Scripts.Homepage">
    <ignored/>
  </testcase> <!-- TC10creatingstockcategory -->
</testsuite> <!-- Default test -->
