<?xml version="1.0" encoding="UTF-8"?>
<!-- Generated by org.testng.reporters.JUnitXMLReporter -->
<testsuite hostname="LAPTOP-103K5F0S" ignored="6" name="HomePage Module" tests="1" failures="0" timestamp="21 Jun 2022 06:39:10 GMT" time="8.945" errors="0">
  <testcase name="TC14updatestock" time="5.963" classname="Scripts.Homepage"/>
  <testcase name="TC6AccessCustomerspage" time="0.0" classname="Scripts.Homepage">
    <ignored/>
  </testcase> <!-- TC6AccessCustomerspage -->
  <testcase name="TC13advancestocksearch" time="0.0" classname="Scripts.Homepage">
    <ignored/>
  </testcase> <!-- TC13advancestocksearch -->
  <testcase name="TC5Accessstockitem" time="0.0" classname="Scripts.Homepage">
    <ignored/>
  </testcase> <!-- TC5Accessstockitem -->
  <testcase name="TC9Creatingstockitem" time="0.0" classname="Scripts.Homepage">
    <ignored/>
  </testcase> <!-- TC9Creatingstockitem -->
  <testcase name="TC12searchstockitem" time="0.0" classname="Scripts.Homepage">
    <ignored/>
  </testcase> <!-- TC12searchstockitem -->
  <testcase name="TC10creatingstockcategory" time="0.0" classname="Scripts.Homepage">
    <ignored/>
  </testcase> <!-- TC10creatingstockcategory -->
</testsuite> <!-- HomePage Module -->
