<?xml version="1.0" encoding="UTF-8"?>
<!-- Generated by org.testng.reporters.JUnitXMLReporter -->
<testsuite hostname="LAPTOP-103K5F0S" ignored="1" name="LoginPage Module" tests="3" failures="0" timestamp="21 Jun 2022 06:39:02 GMT" time="10.608" errors="0">
  <testcase name="TC1login" time="0.747" classname="Scripts.Loginmodule"/>
  <testcase name="TC3invalid" time="2.691" classname="Scripts.Loginmodule"/>
  <testcase name="TC4Reset" time="0.185" classname="Scripts.Loginmodule"/>
  <testcase name="TC2logout" time="0.0" classname="Scripts.Loginmodule">
    <ignored/>
  </testcase> <!-- TC2logout -->
</testsuite> <!-- LoginPage Module -->
